<?xml version="1.0" encoding="UTF-8" ?>
<testsuite tests="8" failures="1" name="com.gmail.bragar.olga.tests.PostServiceTest" time="19.788" errors="0" skipped="0">
  <properties>
[...]
</properties>
  <testcase classname="com.gmail.bragar.olga.tests.PostServiceTest" name="t001Login" time="0.128"/>
  <testcase classname="com.gmail.bragar.olga.tests.PostServiceTest" name="t002MailBox" time="3.962">
    <failure message="expected:&lt;testingbox1@ukr[]&gt; but was:&lt;testingbox1@ukr[.net]&gt;" type="org.junit.ComparisonFailure">org.junit.ComparisonFailure: expected:&lt;testingbox1@ukr[]&gt; but was:&lt;testingbox1@ukr[.net]&gt;
	at org.junit.Assert.assertEquals(Assert.java:115)
	at org.junit.Assert.assertEquals(Assert.java:144)
	at com.gmail.bragar.olga.tests.PostServiceTest.t002MailBox(PostServiceTest.java:46)
	at sun.reflect.NativeMethodAccessorImpl.invoke0(Native Method)
	at sun.reflect.NativeMethodAccessorImpl.invoke(NativeMethodAccessorImpl.java:62)
	at sun.reflect.DelegatingMethodAccessorImpl.invoke(DelegatingMethodAccessorImpl.java:43)
	at java.lang.reflect.Method.invoke(Method.java:498)
	at org.junit.runners.model.FrameworkMethod$1.runReflectiveCall(FrameworkMethod.java:50)
	at org.junit.internal.runners.model.ReflectiveCallable.run(ReflectiveCallable.java:12)
	at org.junit.runners.model.FrameworkMethod.invokeExplosively(FrameworkMethod.java:47)
	at org.junit.internal.runners.statements.InvokeMethod.evaluate(InvokeMethod.java:17)
	at org.junit.runners.ParentRunner.runLeaf(ParentRunner.java:325)
	at org.junit.runners.BlockJUnit4ClassRunner.runChild(BlockJUnit4ClassRunner.java:78)
	at org.junit.runners.BlockJUnit4ClassRunner.runChild(BlockJUnit4ClassRunner.java:57)
	at org.junit.runners.ParentRunner$3.run(ParentRunner.java:290)
	at org.junit.runners.ParentRunner$1.schedule(ParentRunner.java:71)
	at org.junit.runners.ParentRunner.runChildren(ParentRunner.java:288)
	at org.junit.runners.ParentRunner.access$000(ParentRunner.java:58)
	at org.junit.runners.ParentRunner$2.evaluate(ParentRunner.java:268)
	at org.junit.internal.runners.statements.RunBefores.evaluate(RunBefores.java:26)
	at org.junit.internal.runners.statements.RunAfters.evaluate(RunAfters.java:27)
	at org.junit.runners.ParentRunner.run(ParentRunner.java:363)
	at com.gmail.bragar.olga.RunnerListener.SeleniumRunner.run(SeleniumRunner.java:15)
	at org.apache.maven.surefire.junit4.JUnit4Provider.execute(JUnit4Provider.java:252)
	at org.apache.maven.surefire.junit4.JUnit4Provider.executeTestSet(JUnit4Provider.java:141)
	at org.apache.maven.surefire.junit4.JUnit4Provider.invoke(JUnit4Provider.java:112)
	at sun.reflect.NativeMethodAccessorImpl.invoke0(Native Method)
	at sun.reflect.NativeMethodAccessorImpl.invoke(NativeMethodAccessorImpl.java:62)
	at sun.reflect.DelegatingMethodAccessorImpl.invoke(DelegatingMethodAccessorImpl.java:43)
	at java.lang.reflect.Method.invoke(Method.java:498)
	at org.apache.maven.surefire.util.ReflectionUtils.invokeMethodWithArray(ReflectionUtils.java:189)
	at org.apache.maven.surefire.booter.ProviderFactory$ProviderProxy.invoke(ProviderFactory.java:165)
	at org.apache.maven.surefire.booter.ProviderFactory.invokeProvider(ProviderFactory.java:85)
	at org.apache.maven.surefire.booter.ForkedBooter.runSuitesInProcess(ForkedBooter.java:115)
	at org.apache.maven.surefire.booter.ForkedBooter.main(ForkedBooter.java:75)
</failure>
    <system-out>Test finished: t001Login(com.gmail.bragar.olga.tests.PostServiceTest)
---------------------------------------------
Test starts: t002MailBox(com.gmail.bragar.olga.tests.PostServiceTest)
Verification mail box1 page
</system-out>
  </testcase>
  <testcase classname="com.gmail.bragar.olga.tests.PostServiceTest" name="t003SendLetter" time="8.41"/>
  <testcase classname="com.gmail.bragar.olga.tests.PostServiceTest" name="t004ReturnToLogin" time="0.204"/>
  <testcase classname="com.gmail.bragar.olga.tests.PostServiceTest" name="t005MailBox2" time="4.627"/>
  <testcase classname="com.gmail.bragar.olga.tests.PostServiceTest" name="t006EqualsReceiveLetter" time="0.102"/>
  <testcase classname="com.gmail.bragar.olga.tests.PostServiceTest" name="t007EqualsSubjectAndText" time="2.325"/>
  <testcase classname="com.gmail.bragar.olga.tests.PostServiceTest" name="t008ReturnToLogin" time="0.03"/>
</testsuite>